#-----------------------------------------------------------
# Vivado v2019.2 (64-bit)
# SW Build 2708876 on Wed Nov  6 21:40:23 MST 2019
# IP Build 2700528 on Thu Nov  7 00:09:20 MST 2019
# Start of session at: Fri Feb 17 17:29:03 2023
# Process ID: 22768
# Current directory: D:/FPGA/ARM_SPI/CortexM3_Eval
# Command line: vivado.exe -gui_launcher_event rodinguilauncherevent16664 D:\FPGA\ARM_SPI\CortexM3_Eval\CortexM3_Eval.xpr
# Log file: D:/FPGA/ARM_SPI/CortexM3_Eval/vivado.log
# Journal file: D:/FPGA/ARM_SPI/CortexM3_Eval\vivado.jou
#-----------------------------------------------------------
start_gui
open_project D:/FPGA/ARM_SPI/CortexM3_Eval/CortexM3_Eval.xpr
CRITICAL WARNING: [Project 1-19] Could not find the file 'D:/FPGA/ARM_SPI/CortexM3_Eval/CortexM3_Eval.srcs/sources_1/imports/L1_AHBMatrix/L1_AHBMatrix_lite.v'.
Scanning sources...
Finished scanning sources
INFO: [IP_Flow 19-234] Refreshing IP repositories
INFO: [IP_Flow 19-1704] No user IP repositories specified
INFO: [IP_Flow 19-2313] Loaded Vivado IP repository 'C:/vivado/Xilinx/Vivado/2019.2/data/ip'.
open_project: Time (s): cpu = 00:00:13 ; elapsed = 00:00:07 . Memory (MB): peak = 857.484 ; gain = 157.383
update_compile_order -fileset sources_1
WARNING: [filemgmt 20-1445] Cannot import file 'D:/FPGA/ARM_SPI/CortexM3_Eval/CortexM3_Eval.srcs/sources_1/imports/gpio/cmsdk_iop_gpio.v' on top of itself. Importing a file from the imported source directory can cause this problem.
WARNING: [filemgmt 20-1445] Cannot import file 'D:/FPGA/ARM_SPI/CortexM3_Eval/CortexM3_Eval.srcs/sources_1/imports/gpio/cmsdk_ahb_to_iop.v' on top of itself. Importing a file from the imported source directory can cause this problem.
WARNING: [filemgmt 20-1445] Cannot import file 'D:/FPGA/ARM_SPI/CortexM3_Eval/CortexM3_Eval.srcs/sources_1/imports/gpio/cmsdk_ahb_gpio.v' on top of itself. Importing a file from the imported source directory can cause this problem.
add_files {D:/FPGA/ARM_SPI/CortexM3_Eval/CortexM3_Eval.srcs/sources_1/imports/gpio/cmsdk_ahb_gpio.v D:/FPGA/ARM_SPI/CortexM3_Eval/CortexM3_Eval.srcs/sources_1/imports/gpio/cmsdk_ahb_to_iop.v D:/FPGA/ARM_SPI/CortexM3_Eval/CortexM3_Eval.srcs/sources_1/imports/gpio/cmsdk_iop_gpio.v}
update_compile_order -fileset sources_1
reset_run synth_1
launch_runs impl_1 -to_step write_bitstream -jobs 4
[Fri Feb 17 17:33:50 2023] Launched synth_1...
Run output will be captured here: D:/FPGA/ARM_SPI/CortexM3_Eval/CortexM3_Eval.runs/synth_1/runme.log
[Fri Feb 17 17:33:50 2023] Launched impl_1...
Run output will be captured here: D:/FPGA/ARM_SPI/CortexM3_Eval/CortexM3_Eval.runs/impl_1/runme.log
update_compile_order -fileset sources_1
update_compile_order -fileset sources_1
update_compile_order -fileset sources_1
update_compile_order -fileset sources_1
update_compile_order -fileset sources_1
update_compile_order -fileset sources_1
exit
INFO: [Common 17-206] Exiting Vivado at Sun Feb 19 09:32:25 2023...
